2020-04-03 10:05:19,138 CRIT Supervisor is running as root.  Privileges were not dropped because no user is specified in the config file.  If you intend to run as root, you can set user=root in the config file to avoid this message.
2020-04-03 10:05:19,146 INFO supervisord started with pid 1
2020-04-03 10:05:20,149 INFO spawned: 'nginx' with pid 7
2020-04-03 10:05:20,151 INFO spawned: 'php-fpm' with pid 8
2020-04-03 10:05:21,202 INFO success: nginx entered RUNNING state, process has stayed up for > than 1 seconds (startsecs)
2020-04-03 10:05:21,202 INFO success: php-fpm entered RUNNING state, process has stayed up for > than 1 seconds (startsecs)
2020-04-03 11:48:00,130 INFO reaped unknown pid 249
2020-04-03 11:48:00,131 INFO reaped unknown pid 277
2020-04-03 11:48:11,142 INFO reaped unknown pid 1183
2020-04-03 11:52:00,651 INFO reaped unknown pid 9904
2020-04-03 11:52:00,652 INFO reaped unknown pid 9932
2020-04-03 11:52:12,666 INFO reaped unknown pid 10838
2020-04-03 11:52:25,682 INFO reaped unknown pid 21710
2020-04-03 11:58:01,401 WARN received SIGTERM indicating exit request
2020-04-03 11:58:01,406 INFO waiting for nginx, php-fpm to die
2020-04-03 11:58:02,407 INFO stopped: php-fpm (exit status 0)
2020-04-03 11:58:02,414 INFO stopped: nginx (exit status 0)
2020-04-03 11:58:09,630 CRIT Supervisor is running as root.  Privileges were not dropped because no user is specified in the config file.  If you intend to run as root, you can set user=root in the config file to avoid this message.
2020-04-03 11:58:09,635 INFO supervisord started with pid 1
2020-04-03 11:58:10,638 INFO spawned: 'nginx' with pid 7
2020-04-03 11:58:10,640 INFO spawned: 'php-fpm' with pid 8
2020-04-03 11:58:11,696 INFO success: nginx entered RUNNING state, process has stayed up for > than 1 seconds (startsecs)
2020-04-03 11:58:11,696 INFO success: php-fpm entered RUNNING state, process has stayed up for > than 1 seconds (startsecs)
2020-04-03 11:59:57,020 INFO reaped unknown pid 200
2020-04-03 11:59:57,020 INFO reaped unknown pid 228
2020-04-03 12:00:02,026 INFO reaped unknown pid 3287
2020-04-03 12:00:02,026 INFO reaped unknown pid 3291
2020-04-03 12:00:02,027 INFO reaped unknown pid 3290
2020-04-03 12:06:38,734 INFO reaped unknown pid 3816
2020-04-03 12:06:38,735 INFO reaped unknown pid 3844
2020-04-03 12:08:23,856 WARN received SIGTERM indicating exit request
2020-04-03 12:08:23,860 INFO waiting for nginx, php-fpm to die
2020-04-03 12:08:24,861 INFO stopped: php-fpm (exit status 0)
2020-04-03 12:08:24,868 INFO stopped: nginx (exit status 0)
2020-04-03 12:08:34,613 CRIT Supervisor is running as root.  Privileges were not dropped because no user is specified in the config file.  If you intend to run as root, you can set user=root in the config file to avoid this message.
2020-04-03 12:08:34,630 INFO supervisord started with pid 1
2020-04-03 12:08:35,633 INFO spawned: 'nginx' with pid 7
2020-04-03 12:08:35,637 INFO spawned: 'php-fpm' with pid 8
2020-04-03 12:08:36,739 INFO success: nginx entered RUNNING state, process has stayed up for > than 1 seconds (startsecs)
2020-04-03 12:08:36,739 INFO success: php-fpm entered RUNNING state, process has stayed up for > than 1 seconds (startsecs)
2020-04-03 12:11:51,013 WARN received SIGTERM indicating exit request
2020-04-03 12:11:51,015 INFO waiting for nginx, php-fpm to die
2020-04-03 12:11:52,017 INFO stopped: php-fpm (exit status 0)
2020-04-03 12:11:52,023 INFO stopped: nginx (exit status 0)
2020-04-03 12:12:19,874 CRIT Supervisor is running as root.  Privileges were not dropped because no user is specified in the config file.  If you intend to run as root, you can set user=root in the config file to avoid this message.
2020-04-03 12:12:19,898 INFO supervisord started with pid 1
2020-04-03 12:12:20,901 INFO spawned: 'nginx' with pid 7
2020-04-03 12:12:20,905 INFO spawned: 'php-fpm' with pid 8
2020-04-03 12:12:21,996 INFO success: nginx entered RUNNING state, process has stayed up for > than 1 seconds (startsecs)
2020-04-03 12:12:21,996 INFO success: php-fpm entered RUNNING state, process has stayed up for > than 1 seconds (startsecs)
2020-04-03 12:57:37,248 WARN received SIGTERM indicating exit request
2020-04-03 12:57:37,252 INFO waiting for nginx, php-fpm to die
2020-04-03 12:57:38,253 INFO stopped: php-fpm (exit status 0)
2020-04-03 12:57:38,262 INFO stopped: nginx (exit status 0)
2020-04-03 12:57:42,915 CRIT Supervisor is running as root.  Privileges were not dropped because no user is specified in the config file.  If you intend to run as root, you can set user=root in the config file to avoid this message.
2020-04-03 12:57:42,922 INFO supervisord started with pid 1
2020-04-03 12:57:43,925 INFO spawned: 'nginx' with pid 7
2020-04-03 12:57:43,927 INFO spawned: 'php-fpm' with pid 8
2020-04-03 12:57:44,981 INFO success: nginx entered RUNNING state, process has stayed up for > than 1 seconds (startsecs)
2020-04-03 12:57:44,981 INFO success: php-fpm entered RUNNING state, process has stayed up for > than 1 seconds (startsecs)
2020-04-03 13:13:26,533 WARN received SIGTERM indicating exit request
2020-04-03 13:13:26,534 INFO waiting for nginx, php-fpm to die
2020-04-03 13:13:27,540 INFO stopped: php-fpm (exit status 0)
2020-04-03 13:13:27,546 INFO stopped: nginx (exit status 0)
2020-04-03 13:31:51,692 CRIT Supervisor is running as root.  Privileges were not dropped because no user is specified in the config file.  If you intend to run as root, you can set user=root in the config file to avoid this message.
2020-04-03 13:31:51,697 INFO supervisord started with pid 1
2020-04-03 13:31:52,700 INFO spawned: 'nginx' with pid 7
2020-04-03 13:31:52,703 INFO spawned: 'php-fpm' with pid 8
2020-04-03 13:31:53,760 INFO success: nginx entered RUNNING state, process has stayed up for > than 1 seconds (startsecs)
2020-04-03 13:31:53,761 INFO success: php-fpm entered RUNNING state, process has stayed up for > than 1 seconds (startsecs)
2020-04-03 13:31:57,772 WARN received SIGTERM indicating exit request
2020-04-03 13:31:57,773 INFO waiting for nginx, php-fpm to die
2020-04-03 13:31:58,777 INFO stopped: php-fpm (exit status 0)
2020-04-03 13:31:58,784 INFO stopped: nginx (exit status 0)
2020-04-03 13:32:08,009 CRIT Supervisor is running as root.  Privileges were not dropped because no user is specified in the config file.  If you intend to run as root, you can set user=root in the config file to avoid this message.
2020-04-03 13:32:08,016 INFO supervisord started with pid 1
2020-04-03 13:32:09,019 INFO spawned: 'nginx' with pid 7
2020-04-03 13:32:09,022 INFO spawned: 'php-fpm' with pid 8
2020-04-03 13:32:10,075 INFO success: nginx entered RUNNING state, process has stayed up for > than 1 seconds (startsecs)
2020-04-03 13:32:10,076 INFO success: php-fpm entered RUNNING state, process has stayed up for > than 1 seconds (startsecs)
2020-04-03 13:35:38,397 INFO reaped unknown pid 203
2020-04-03 13:35:38,398 INFO reaped unknown pid 231
2020-04-03 13:35:41,400 INFO reaped unknown pid 2668
2020-04-03 13:35:41,400 INFO reaped unknown pid 2669
2020-04-03 13:37:19,634 WARN received SIGTERM indicating exit request
2020-04-03 13:37:19,640 INFO waiting for nginx, php-fpm to die
2020-04-03 13:37:20,642 INFO stopped: php-fpm (exit status 0)
2020-04-03 13:37:20,648 INFO stopped: nginx (exit status 0)
2020-04-03 13:43:14,814 CRIT Supervisor is running as root.  Privileges were not dropped because no user is specified in the config file.  If you intend to run as root, you can set user=root in the config file to avoid this message.
2020-04-03 13:43:14,821 INFO supervisord started with pid 1
2020-04-03 13:43:15,822 INFO spawned: 'nginx' with pid 7
2020-04-03 13:43:15,828 INFO spawned: 'php-fpm' with pid 8
2020-04-03 13:43:16,909 INFO success: nginx entered RUNNING state, process has stayed up for > than 1 seconds (startsecs)
2020-04-03 13:43:16,910 INFO success: php-fpm entered RUNNING state, process has stayed up for > than 1 seconds (startsecs)
2020-04-03 13:46:44,270 WARN received SIGTERM indicating exit request
2020-04-03 13:46:44,273 INFO waiting for nginx, php-fpm to die
2020-04-03 13:46:45,275 INFO stopped: php-fpm (exit status 0)
2020-04-03 13:46:45,282 INFO stopped: nginx (exit status 0)
2020-04-03 13:46:49,464 CRIT Supervisor is running as root.  Privileges were not dropped because no user is specified in the config file.  If you intend to run as root, you can set user=root in the config file to avoid this message.
2020-04-03 13:46:49,470 INFO supervisord started with pid 1
2020-04-03 13:46:50,473 INFO spawned: 'nginx' with pid 7
2020-04-03 13:46:50,476 INFO spawned: 'php-fpm' with pid 8
2020-04-03 13:46:51,527 INFO success: nginx entered RUNNING state, process has stayed up for > than 1 seconds (startsecs)
2020-04-03 13:46:51,527 INFO success: php-fpm entered RUNNING state, process has stayed up for > than 1 seconds (startsecs)
2020-04-03 13:46:55,535 WARN received SIGTERM indicating exit request
2020-04-03 13:46:55,536 INFO waiting for nginx, php-fpm to die
2020-04-03 13:46:56,540 INFO stopped: php-fpm (exit status 0)
2020-04-03 13:46:56,546 INFO stopped: nginx (exit status 0)
2020-04-03 13:47:00,762 CRIT Supervisor is running as root.  Privileges were not dropped because no user is specified in the config file.  If you intend to run as root, you can set user=root in the config file to avoid this message.
2020-04-03 13:47:00,769 INFO supervisord started with pid 1
2020-04-03 13:47:01,772 INFO spawned: 'nginx' with pid 7
2020-04-03 13:47:01,775 INFO spawned: 'php-fpm' with pid 8
2020-04-03 13:47:02,823 INFO success: nginx entered RUNNING state, process has stayed up for > than 1 seconds (startsecs)
2020-04-03 13:47:02,823 INFO success: php-fpm entered RUNNING state, process has stayed up for > than 1 seconds (startsecs)
2020-04-03 13:48:44,999 WARN received SIGTERM indicating exit request
2020-04-03 13:48:45,003 INFO waiting for nginx, php-fpm to die
2020-04-03 13:48:46,005 INFO stopped: php-fpm (exit status 0)
2020-04-03 13:48:46,014 INFO stopped: nginx (exit status 0)
2020-04-03 13:48:46,736 CRIT Supervisor is running as root.  Privileges were not dropped because no user is specified in the config file.  If you intend to run as root, you can set user=root in the config file to avoid this message.
2020-04-03 13:48:46,741 INFO supervisord started with pid 1
2020-04-03 13:48:47,745 INFO spawned: 'nginx' with pid 7
2020-04-03 13:48:47,747 INFO spawned: 'php-fpm' with pid 8
2020-04-03 13:48:48,796 INFO success: nginx entered RUNNING state, process has stayed up for > than 1 seconds (startsecs)
2020-04-03 13:48:48,796 INFO success: php-fpm entered RUNNING state, process has stayed up for > than 1 seconds (startsecs)
2020-04-03 14:16:29,994 WARN received SIGTERM indicating exit request
2020-04-03 14:16:29,996 INFO waiting for nginx, php-fpm to die
2020-04-03 14:16:30,997 INFO stopped: php-fpm (exit status 0)
2020-04-03 14:16:31,004 INFO stopped: nginx (exit status 0)
2020-04-03 14:19:53,972 CRIT Supervisor is running as root.  Privileges were not dropped because no user is specified in the config file.  If you intend to run as root, you can set user=root in the config file to avoid this message.
2020-04-03 14:19:53,978 INFO supervisord started with pid 1
2020-04-03 14:19:54,982 INFO spawned: 'nginx' with pid 7
2020-04-03 14:19:54,985 INFO spawned: 'php-fpm' with pid 8
2020-04-03 14:19:56,040 INFO success: nginx entered RUNNING state, process has stayed up for > than 1 seconds (startsecs)
2020-04-03 14:19:56,040 INFO success: php-fpm entered RUNNING state, process has stayed up for > than 1 seconds (startsecs)
